<?xml version="1.0" encoding="UTF-8"?>
<!-- Generated by org.testng.reporters.JUnitReportReporter -->
<testsuite hostname="DESKTOP-H975H5S" failures="0" tests="1" name="Task_1.Task.AppTest" time="18.767" errors="0" timestamp="2024-03-21T19:12:56 IST" skipped="0">
  <testcase classname="Task_1.Task.AppTest" name="openBrowser" time="18.767"/>
</testsuite> <!-- Task_1.Task.AppTest -->
